<?xml version="1.0" encoding="UTF-8"?>
<!-- Generated by org.testng.reporters.JUnitReportReporter -->
<testsuite hostname="DESKTOP-RB1T2I6" failures="0" tests="1" name="firsttestngpackage.FirstTestNGFile" time="4.433" errors="0" timestamp="11 Apr 2019 21:33:02 GMT" skipped="0">
  <testcase classname="firsttestngpackage.FirstTestNGFile" name="verifyHomepageTitle" time="4.433"/>
</testsuite> <!-- firsttestngpackage.FirstTestNGFile -->
