<?xml version="1.0" encoding="UTF-8"?>
<!-- Generated by org.testng.reporters.JUnitReportReporter -->
<testsuite hostname="DESKTOP-RB1T2I6" failures="0" tests="1" name="firsttestngpackage.OlsonsDesign1" time="12.878" errors="0" timestamp="16 Apr 2019 15:44:06 GMT" skipped="0">
  <testcase classname="firsttestngpackage.OlsonsDesign1" name="QuickTest" time="12.878"/>
</testsuite> <!-- firsttestngpackage.OlsonsDesign1 -->
